#
# A fatal error has been detected by the Java Runtime Environment:
#
#  EXCEPTION_ACCESS_VIOLATION (0xc0000005) at pc=0x00007ffc84d8aed3, pid=16492, tid=15284
#
# JRE version:  (12.0+33) (build )
# Java VM: Java HotSpot(TM) 64-Bit Server VM (12+33, mixed mode, sharing, tiered, compressed oops, g1 gc, windows-amd64)
# Problematic frame:
# V  [jvm.dll+0x39aed3]
#
# No core dump will be written. Minidumps are not enabled by default on client versions of Windows
#
# If you would like to submit a bug report, please visit:
#   http://bugreport.java.com/bugreport/crash.jsp
#

---------------  S U M M A R Y ------------

Command Line: -Dfile.encoding=Cp1258 array_of_integer.ArrayOfInteger

Host: Intel(R) Core(TM) i3-5005U CPU @ 2.00GHz, 4 cores, 3G,  Windows 10 , 64 bit Build 17134 (10.0.17134.753)
Time: Wed Aug  7 11:01:06 2019 SE Asia Standard Time elapsed time: 2 seconds (0d 0h 0m 2s)

---------------  T H R E A D  ---------------

Current thread (0x000001e873527800):  JavaThread "Unknown thread" [_thread_in_vm, id=15284, stack(0x00000044c9600000,0x00000044c9700000)]

Stack: [0x00000044c9600000,0x00000044c9700000],  sp=0x00000044c96fec50,  free space=1019k
Native frames: (J=compiled Java code, j=interpreted, Vv=VM code, C=native code)
V  [jvm.dll+0x39aed3]
V  [jvm.dll+0x6393b2]
V  [jvm.dll+0x39ac2e]
V  [jvm.dll+0x3852e2]
V  [jvm.dll+0x384d88]
V  [jvm.dll+0x385068]
V  [jvm.dll+0x384d88]
V  [jvm.dll+0x74b874]
V  [jvm.dll+0x749c8e]
V  [jvm.dll+0x3ee48d]
