#
# There is insufficient memory for the Java Runtime Environment to continue.
# Native memory allocation (malloc) failed to allocate 32744 bytes for ChunkPool::allocate
# Possible reasons:
#   The system is out of physical RAM or swap space
#   The process is running with CompressedOops enabled, and the Java Heap may be blocking the growth of the native heap
# Possible solutions:
#   Reduce memory load on the system
#   Increase physical memory or swap space
#   Check if swap backing store is full
#   Decrease Java heap size (-Xmx/-Xms)
#   Decrease number of Java threads
#   Decrease Java thread stack sizes (-Xss)
#   Set larger code cache with -XX:ReservedCodeCacheSize=
#   JVM is running with Unscaled Compressed Oops mode in which the Java heap is
#     placed in the first 4GB address space. The Java Heap base address is the
#     maximum limit for the native heap growth. Please use -XX:HeapBaseMinAddress
#     to set the Java Heap base and to place the Java Heap above 4GB virtual address.
# This output file may be truncated or incomplete.
#
#  Out of Memory Error (t:/workspace/open/src/hotspot/share/memory/arena.cpp:81), pid=16220, tid=9416
#
# JRE version: Java(TM) SE Runtime Environment (12.0+33) (build 12+33)
# Java VM: Java HotSpot(TM) 64-Bit Server VM (12+33, mixed mode, sharing, tiered, compressed oops, g1 gc, windows-amd64)
# No core dump will be written. Minidumps are not enabled by default on client versions of Windows
#

---------------  S U M M A R Y ------------

Command Line: -Dfile.encoding=Cp1258 array_of_integer.ArrayOfInteger

Host: Intel(R) Core(TM) i3-5005U CPU @ 2.00GHz, 4 cores, 3G,  Windows 10 , 64 bit Build 17134 (10.0.17134.753)
Time: Wed Aug  7 11:01:05 2019 SE Asia Standard Time elapsed time: 2 seconds (0d 0h 0m 2s)

---------------  T H R E A D  ---------------

Current thread (0x0000019538aa7800):  JavaThread "main" [_thread_in_vm, id=9416, stack(0x000000632ad00000,0x000000632ae00000)]

Stack: [0x000000632ad00000,0x000000632ae00000]
Native frames: (J=compiled Java code, j=interpreted, Vv=VM code, C=native code)
V  [jvm.dll+0x63948a]
V  [jvm.dll+0x78b31f]
V  [jvm.dll+0x78c9c1]
V  [jvm.dll+0x78d013]
V  [jvm.dll+0x262138]
V  [jvm.dll+0xc5a56]
V  [jvm.dll+0xc5dac]
V  [jvm.dll+0xbe40d]
V  [jvm.dll+0x25dc5f]
V  [jvm.dll+0x388ad9]
V  [jvm.dll+0x7154d7]
V  [jvm.dll+0x715043]
V  [jvm.dll+0x7164ec]
V  [jvm.dll+0x7169ed]
V  [jvm.dll+0x716833]
V  [jvm.dll+0x25b6a8]
V  [jvm.dll+0x25b8e2]
V  [jvm.dll+0x5347c8]
V  [jvm.dll+0x537397]
V  [jvm.dll+0x3975bb]
V  [jvm.dll+0x396c83]
C  0x0000019540ece44e

Java frames: (J=compiled Java code, j=interpreted, Vv=VM code)
j  jdk.internal.module.ModuleBootstrap.boot()Ljava/lang/ModuleLayer;+1217 java.base@12
j  java.lang.System.initPhase2(ZZ)I+0 java.base@12
v  ~StubRoutines::call_stub

---------------  P R O C E S S  ---------------

Threads class SMR info:
_java_thread_list=0x000001955489e820, length=8, elements={
0x0000019538aa7800, 0x000001955487f800, 0x0000019554880800, 0x000001955489a800,
0x000001955489f800, 0x00000195548a2800, 0x0000019554910800, 0x0000019554916000
}

Java Threads: ( => current thread )
=>0x0000019538aa7800 JavaThread "main" [_thread_in_vm, id=9416, stack(0x000000632ad00000,0x000000632ae00000)]
  0x000001955487f800 JavaThread "Reference Handler" daemon [_thread_blocked, id=17156, stack(0x000000632b400000,0x000000632b500000)]
  0x0000019554880800 JavaThread "Finalizer" daemon [_thread_blocked, id=4124, stack(0x000000632b500000,0x000000632b600000)]
  0x000001955489a800 JavaThread "Signal Dispatcher" daemon [_thread_blocked, id=15720, stack(0x000000632b600000,0x000000632b700000)]
  0x000001955489f800 JavaThread "Attach Listener" daemon [_thread_blocked, id=16448, stack(0x000000632b700000,0x000000632b800000)]
  0x00000195548a2800 JavaThread "C2 CompilerThread0" daemon [_thread_blocked, id=16452, stack(0x000000632b800000,0x000000632b900000)]
  0x0000019554910800 JavaThread "C1 CompilerThread0" daemon [_thread_in_native, id=10624, stack(0x000000632b900000,0x000000632ba00000)]
  0x0000019554916000 JavaThread "Sweeper thread" daemon [_thread_blocked, id=872, stack(0x000000632ba00000,0x000000632bb00000)]

Other Threads:
  0x0000019538b7c000 VMThread "VM Thread" [stack: 0x000000632b300000,0x000000632b400000] [id=13120]
  0x0000019538ad0000 GCTaskThread "GC Thread#0" [stack: 0x000000632ae00000,0x000000632af00000] [id=3904]
  0x0000019538ad7800 ConcurrentGCThread "G1 Main Marker" [stack: 0x000000632af00000,0x000000632b000000] [id=14976]
  0x0000019538adb000 ConcurrentGCThread "G1 Conc#0" [stack: 0x000000632b000000,0x000000632b100000] [id=12328]
  0x0000019538b31000 ConcurrentGCThread "G1 Refine#0" [stack: 0x000000632b100000,0x000000632b200000] [id=9612]
  0x0000019538b36000 ConcurrentGCThread "G1 Young RemSet Sampling" [stack: 0x000000632b200000,0x000000632b300000] [id=14652]

Threads with active compile tasks:
C1 CompilerThread0    39   !   3       java.util.concurrent.ConcurrentHashMap::putVal (432 bytes)

VM state:synchronizing (normal execution)

VM Mutex/Monitor currently owned by a thread:  ([mutex/lock_event])
[0x0000019538aa6190] Threads_lock - owner thread: 0x0000019538b7c000

Heap address: 0x00000000c1600000, size: 1002 MB, Compressed Oops mode: 32-bit
Narrow klass base: 0x0000000800000000, Narrow klass shift: 3
Compressed class space size: 1073741824 Address: 0x00000008011a0000

Heap:
 garbage-first heap   total 65536K, used 0K [0x00000000c1600000, 0x0000000100000000)
  region size 1024K, 1 young (1024K), 0 survivors (0K)
 Metaspace       used 110K, capacity 4480K, committed 4480K, reserved 1056768K
  class space    used 2K, capacity 384K, committed 384K, reserved 1048576K
Heap Regions: E=young(eden), S=young(survivor), O=old, HS=humongous(starts), HC=humongous(continues), CS=collection set, F=free, A=archive, TAMS=top-at-mark-start (previous, next)
|   0|0x00000000c1600000, 0x00000000c1600000, 0x00000000c1700000|  0%| F|  |TAMS 0x00000000c1600000, 0x00000000c1600000| Untracked 
|   1|0x00000000c1700000, 0x00000000c1700000, 0x00000000c1800000|  0%| F|  |TAMS 0x00000000c1700000, 0x00000000c1700000| Untracked 
|   2|0x00000000c1800000, 0x00000000c1800000, 0x00000000c1900000|  0%| F|  |TAMS 0x00000000c1800000, 0x00000000c1800000| Untracked 
|   3|0x00000000c1900000, 0x00000000c1900000, 0x00000000c1a00000|  0%| F|  |TAMS 0x00000000c1900000, 0x00000000c1900000| Untracked 
|   4|0x00000000c1a00000, 0x00000000c1a00000, 0x00000000c1b00000|  0%| F|  |TAMS 0x00000000c1a00000, 0x00000000c1a00000| Untracked 
|   5|0x00000000c1b00000, 0x00000000c1b00000, 0x00000000c1c00000|  0%| F|  |TAMS 0x00000000c1b00000, 0x00000000c1b00000| Untracked 
|   6|0x00000000c1c00000, 0x00000000c1c00000, 0x00000000c1d00000|  0%| F|  |TAMS 0x00000000c1c00000, 0x00000000c1c00000| Untracked 
|   7|0x00000000c1d00000, 0x00000000c1d00000, 0x00000000c1e00000|  0%| F|  |TAMS 0x00000000c1d00000, 0x00000000c1d00000| Untracked 
|   8|0x00000000c1e00000, 0x00000000c1e00000, 0x00000000c1f00000|  0%| F|  |TAMS 0x00000000c1e00000, 0x00000000c1e00000| Untracked 
|   9|0x00000000c1f00000, 0x00000000c1f00000, 0x00000000c2000000|  0%| F|  |TAMS 0x00000000c1f00000, 0x00000000c1f00000| Untracked 
|  10|0x00000000c2000000, 0x00000000c2000000, 0x00000000c2100000|  0%| F|  |TAMS 0x00000000c2000000, 0x00000000c2000000| Untracked 
|  11|0x00000000c2100000, 0x00000000c2100000, 0x00000000c2200000|  0%| F|  |TAMS 0x00000000c2100000, 0x00000000c2100000| Untracked 
|  12|0x00000000c2200000, 0x00000000c2200000, 0x00000000c2300000|  0%| F|  |TAMS 0x00000000c2200000, 0x00000000c2200000| Untracked 
|  13|0x00000000c2300000, 0x00000000c2300000, 0x00000000c2400000|  0%| F|  |TAMS 0x00000000c2300000, 0x00000000c2300000| Untracked 
|  14|0x00000000c2400000, 0x00000000c2400000, 0x00000000c2500000|  0%| F|  |TAMS 0x00000000c2400000, 0x00000000c2400000| Untracked 
|  15|0x00000000c2500000, 0x00000000c2500000, 0x00000000c2600000|  0%| F|  |TAMS 0x00000000c2500000, 0x00000000c2500000| Untracked 
|  16|0x00000000c2600000, 0x00000000c2600000, 0x00000000c2700000|  0%| F|  |TAMS 0x00000000c2600000, 0x00000000c2600000| Untracked 
|  17|0x00000000c2700000, 0x00000000c2700000, 0x00000000c2800000|  0%| F|  |TAMS 0x00000000c2700000, 0x00000000c2700000| Untracked 
|  18|0x00000000c2800000, 0x00000000c2800000, 0x00000000c2900000|  0%| F|  |TAMS 0x00000000c2800000, 0x00000000c2800000| Untracked 
|  19|0x00000000c2900000, 0x00000000c2900000, 0x00000000c2a00000|  0%| F|  |TAMS 0x00000000c2900000, 0x00000000c2900000| Untracked 
|  20|0x00000000c2a00000, 0x00000000c2a00000, 0x00000000c2b00000|  0%| F|  |TAMS 0x00000000c2a00000, 0x00000000c2a00000| Untracked 
|  21|0x00000000c2b00000, 0x00000000c2b00000, 0x00000000c2c00000|  0%| F|  |TAMS 0x00000000c2b00000, 0x00000000c2b00000| Untracked 
|  22|0x00000000c2c00000, 0x00000000c2c00000, 0x00000000c2d00000|  0%| F|  |TAMS 0x00000000c2c00000, 0x00000000c2c00000| Untracked 
|  23|0x00000000c2d00000, 0x00000000c2d00000, 0x00000000c2e00000|  0%| F|  |TAMS 0x00000000c2d00000, 0x00000000c2d00000| Untracked 
|  24|0x00000000c2e00000, 0x00000000c2e00000, 0x00000000c2f00000|  0%| F|  |TAMS 0x00000000c2e00000, 0x00000000c2e00000| Untracked 
|  25|0x00000000c2f00000, 0x00000000c2f00000, 0x00000000c3000000|  0%| F|  |TAMS 0x00000000c2f00000, 0x00000000c2f00000| Untracked 
|  26|0x00000000c3000000, 0x00000000c3000000, 0x00000000c3100000|  0%| F|  |TAMS 0x00000000c3000000, 0x00000000c3000000| Untracked 
|  27|0x00000000c3100000, 0x00000000c3100000, 0x00000000c3200000|  0%| F|  |TAMS 0x00000000c3100000, 0x00000000c3100000| Untracked 
|  28|0x00000000c3200000, 0x00000000c3200000, 0x00000000c3300000|  0%| F|  |TAMS 0x00000000c3200000, 0x00000000c3200000| Untracked 
|  29|0x00000000c3300000, 0x00000000c3300000, 0x00000000c3400000|  0%| F|  |TAMS 0x00000000c3300000, 0x00000000c3300000| Untracked 
|  30|0x00000000c3400000, 0x00000000c3400000, 0x00000000c3500000|  0%| F|  |TAMS 0x00000000c3400000, 0x00000000c3400000| Untracked 
|  31|0x00000000c3500000, 0x00000000c3500000, 0x00000000c3600000|  0%| F|  |TAMS 0x00000000c3500000, 0x00000000c3500000| Untracked 
|  32|0x00000000c3600000, 0x00000000c3600000, 0x00000000c3700000|  0%| F|  |TAMS 0x00000000c3600000, 0x00000000c3600000| Untracked 
|  33|0x00000000c3700000, 0x00000000c3700000, 0x00000000c3800000|  0%| F|  |TAMS 0x00000000c3700000, 0x00000000c3700000| Untracked 
|  34|0x00000000c3800000, 0x00000000c3800000, 0x00000000c3900000|  0%| F|  |TAMS 0x00000000c3800000, 0x00000000c3800000| Untracked 
|  35|0x00000000c3900000, 0x00000000c3900000, 0x00000000c3a00000|  0%| F|  |TAMS 0x00000000c3900000, 0x00000000c3900000| Untracked 
|  36|0x00000000c3a00000, 0x00000000c3a00000, 0x00000000c3b00000|  0%| F|  |TAMS 0x00000000c3a00000, 0x00000000c3a00000| Untracked 
|  37|0x00000000c3b00000, 0x00000000c3b00000, 0x00000000c3c00000|  0%| F|  |TAMS 0x00000000c3b00000, 0x00000000c3b00000| Untracked 
|  38|0x00000000c3c00000, 0x00000000c3c00000, 0x00000000c3d00000|  0%| F|  |TAMS 0x00000000c3c00000, 0x00000000c3c00000| Untracked 
|  39|0x00000000c3d00000, 0x00000000c3d00000, 0x00000000c3e00000|  0%| F|  |TAMS 0x00000000c3d00000, 0x00000000c3d00000| Untracked 
|  40|0x00000000c3e00000, 0x00000000c3e00000, 0x00000000c3f00000|  0%| F|  |TAMS 0x00000000c3e00000, 0x00000000c3e00000| Untracked 
|  41|0x00000000c3f00000, 0x00000000c3f00000, 0x00000000c4000000|  0%| F|  |TAMS 0x00000000c3f00000, 0x00000000c3f00000| Untracked 
|  42|0x00000000c4000000, 0x00000000c4000000, 0x00000000c4100000|  0%| F|  |TAMS 0x00000000c4000000, 0x00000000c4000000| Untracked 
|  43|0x00000000c4100000, 0x00000000c4100000, 0x00000000c4200000|  0%| F|  |TAMS 0x00000000c4100000, 0x00000000c4100000| Untracked 
|  44|0x00000000c4200000, 0x00000000c4200000, 0x00000000c4300000|  0%| F|  |TAMS 0x00000000c4200000, 0x00000000c4200000| Untracked 
|  45|0x00000000c4300000, 0x00000000c4300000, 0x00000000c4400000|  0%| F|  |TAMS 0x00000000c4300000, 0x00000000c4300000| Untracked 
|  46|0x00000000c4400000, 0x00000000c4400000, 0x00000000c4500000|  0%| F|  |TAMS 0x00000000c4400000, 0x00000000c4400000| Untracked 
|  47|0x00000000c4500000, 0x00000000c4500000, 0x00000000c4600000|  0%| F|  |TAMS 0x00000000c4500000, 0x00000000c4500000| Untracked 
|  48|0x00000000c4600000, 0x00000000c4600000, 0x00000000c4700000|  0%| F|  |TAMS 0x00000000c4600000, 0x00000000c4600000| Untracked 
|  49|0x00000000c4700000, 0x00000000c4700000, 0x00000000c4800000|  0%| F|  |TAMS 0x00000000c4700000, 0x00000000c4700000| Untracked 
|  50|0x00000000c4800000, 0x00000000c4800000, 0x00000000c4900000|  0%| F|  |TAMS 0x00000000c4800000, 0x00000000c4800000| Untracked 
|  51|0x00000000c4900000, 0x00000000c4900000, 0x00000000c4a00000|  0%| F|  |TAMS 0x00000000c4900000, 0x00000000c4900000| Untracked 
|  52|0x00000000c4a00000, 0x00000000c4a00000, 0x00000000c4b00000|  0%| F|  |TAMS 0x00000000c4a00000, 0x00000000c4a00000| Untracked 
|  53|0x00000000c4b00000, 0x00000000c4b00000, 0x00000000c4c00000|  0%| F|  |TAMS 0x00000000c4b00000, 0x00000000c4b00000| Untracked 
|  54|0x00000000c4c00000, 0x00000000c4c00000, 0x00000000c4d00000|  0%| F|  |TAMS 0x00000000c4c00000, 0x00000000c4c00000| Untracked 
|  55|0x00000000c4d00000, 0x00000000c4d00000, 0x00000000c4e00000|  0%| F|  |TAMS 0x00000000c4d00000, 0x00000000c4d00000| Untracked 
|  56|0x00000000c4e00000, 0x00000000c4e00000, 0x00000000c4f00000|  0%| F|  |TAMS 0x00000000c4e00000, 0x00000000c4e00000| Untracked 
|  57|0x00000000c4f00000, 0x00000000c4f00000, 0x00000000c5000000|  0%| F|  |TAMS 0x00000000c4f00000, 0x00000000c4f00000| Untracked 
|  58|0x00000000c5000000, 0x00000000c5000000, 0x00000000c5100000|  0%| F|  |TAMS 0x00000000c5000000, 0x00000000c5000000| Untracked 
|  59|0x00000000c5100000, 0x00000000c5100000, 0x00000000c5200000|  0%| F|  |TAMS 0x00000000c5100000, 0x00000000c5100000| Untracked 
|  60|0x00000000c5200000, 0x00000000c5200000, 0x00000000c5300000|  0%| F|  |TAMS 0x00000000c5200000, 0x00000000c5200000| Untracked 
|  61|0x00000000c5300000, 0x00000000c5300000, 0x00000000c5400000|  0%| F|  |TAMS 0x00000000c5300000, 0x00000000c5300000| Untracked 
|  62|0x00000000c5400000, 0x00000000c5400000, 0x00000000c5500000|  0%| F|  |TAMS 0x00000000c5400000, 0x00000000c5400000| Untracked 
|  63|0x00000000c5500000, 0x00000000c55d70e0, 0x00000000c5600000| 84%| E|  |TAMS 0x00000000c5500000, 0x00000000c5500000| Complete 

Card table byte_map: [0x00000195500b0000,0x00000195502b0000] _byte_map_base: 0x000001954faa5000

Marking Bits (Prev, Next): (CMBitMap*) 0x0000019538ad1048, (CMBitMap*) 0x0000019538ad1088
 Prev Bits: [0x00000195504b0000, 0x0000019551458000)
 Next Bits: [0x0000019551460000, 0x0000019552408000)

Polling page: 0x0000019536910000

Metaspace:

Usage:
  Non-class:      4.00 MB capacity,   108.20 KB (  3%) used,     3.89 MB ( 97%) free+waste,    64 bytes ( <1%) overhead. 
      Class:    384.00 KB capacity,     2.63 KB ( <1%) used,   381.30 KB (>99%) free+waste,    64 bytes ( <1%) overhead. 
       Both:      4.38 MB capacity,   110.84 KB (  2%) used,     4.27 MB ( 98%) free+waste,   128 bytes ( <1%) overhead. 

Virtual space:
  Non-class space:        8.00 MB reserved,       4.00 MB ( 50%) committed 
      Class space:        1.00 GB reserved,     384.00 KB ( <1%) committed 
             Both:        1.01 GB reserved,       4.38 MB ( <1%) committed 

Chunk freelists:
   Non-Class:  0 bytes
       Class:  0 bytes
        Both:  0 bytes

CodeHeap 'non-profiled nmethods': size=120064Kb used=7Kb max_used=7Kb free=120056Kb
 bounds [0x0000019548970000, 0x0000019548be0000, 0x000001954feb0000]
CodeHeap 'profiled nmethods': size=120000Kb used=49Kb max_used=49Kb free=119951Kb
 bounds [0x0000019541440000, 0x00000195416b0000, 0x0000019548970000]
CodeHeap 'non-nmethods': size=5696Kb used=1000Kb max_used=1009Kb free=4695Kb
 bounds [0x0000019540eb0000, 0x0000019541120000, 0x0000019541440000]
 total_blobs=328 nmethods=39 adapters=154
 compilation: enabled
              stopped_count=0, restarted_count=0
 full_count=0

Compilation events (10 events):
Event: 2.874 Thread 0x0000019554910800 nmethod 33 0x0000019548970e90 code [0x0000019548971040, 0x0000019548971178]
Event: 2.874 Thread 0x0000019554910800   34       1       java.util.KeyValueHolder::getValue (5 bytes)
Event: 2.874 Thread 0x0000019554910800 nmethod 34 0x0000019548971210 code [0x00000195489713c0, 0x00000195489714f8]
Event: 2.874 Thread 0x0000019554910800   35       3       java.util.ImmutableCollections$MapN::probe (60 bytes)
Event: 2.875 Thread 0x0000019554910800 nmethod 35 0x000001954144a910 code [0x000001954144ab20, 0x000001954144b160]
Event: 2.875 Thread 0x0000019554910800   37       3       java.util.ImmutableCollections$MapN::get (35 bytes)
Event: 2.876 Thread 0x0000019554910800 nmethod 37 0x000001954144b390 code [0x000001954144b580, 0x000001954144b980]
Event: 2.876 Thread 0x0000019554910800   36       3       java.util.KeyValueHolder::<init> (21 bytes)
Event: 2.876 Thread 0x0000019554910800 nmethod 36 0x000001954144bb10 code [0x000001954144bd20, 0x000001954144c280]
Event: 2.877 Thread 0x0000019554910800   39   !   3       java.util.concurrent.ConcurrentHashMap::putVal (432 bytes)

GC Heap History (0 events):
No events

Deoptimization events (0 events):
No events

Classes redefined (0 events):
No events

Internal exceptions (0 events):
No events

Events (10 events):
Event: 0.637 Thread 0x0000019538aa7800 Thread added: 0x0000019538aa7800
Event: 1.070 Thread 0x000001955487f800 Thread added: 0x000001955487f800
Event: 1.071 Thread 0x0000019554880800 Thread added: 0x0000019554880800
Event: 1.087 loading class sun/nio/cs/MS1258
Event: 1.520 loading class sun/nio/cs/MS1258 done
Event: 1.524 Thread 0x000001955489a800 Thread added: 0x000001955489a800
Event: 1.525 Thread 0x000001955489f800 Thread added: 0x000001955489f800
Event: 1.526 Thread 0x00000195548a2800 Thread added: 0x00000195548a2800
Event: 2.019 Thread 0x0000019554910800 Thread added: 0x0000019554910800
Event: 2.431 Thread 0x0000019554916000 Thread added: 0x0000019554916000


Dynamic libraries:
0x00007ff6c3b60000 - 0x00007ff6c3b6f000 	C:\Program Files\Java\jdk-12\bin\javaw.exe
0x00007ffccf5a0000 - 0x00007ffccf781000 	C:\WINDOWS\SYSTEM32\ntdll.dll
0x00007ffccd6e0000 - 0x00007ffccd791000 	C:\WINDOWS\System32\KERNEL32.DLL
0x00007ffccc320000 - 0x00007ffccc593000 	C:\WINDOWS\System32\KERNELBASE.dll
0x00007ffccc710000 - 0x00007ffccc808000 	C:\WINDOWS\System32\ucrtbase.dll
0x00007ffcb5260000 - 0x00007ffcb5278000 	C:\Program Files\Java\jdk-12\bin\jli.dll
0x00007ffccd300000 - 0x00007ffccd3a1000 	C:\WINDOWS\System32\ADVAPI32.dll
0x00007ffccf0c0000 - 0x00007ffccf15e000 	C:\WINDOWS\System32\msvcrt.dll
0x00007ffccd270000 - 0x00007ffccd2cb000 	C:\WINDOWS\System32\sechost.dll
0x00007ffccf160000 - 0x00007ffccf284000 	C:\WINDOWS\System32\RPCRT4.dll
0x00007ffccf330000 - 0x00007ffccf4c0000 	C:\WINDOWS\System32\USER32.dll
0x00007ffccc5a0000 - 0x00007ffccc5c0000 	C:\WINDOWS\System32\win32u.dll
0x00007ffccda10000 - 0x00007ffccda38000 	C:\WINDOWS\System32\GDI32.dll
0x00007ffccc890000 - 0x00007ffccca21000 	C:\WINDOWS\System32\gdi32full.dll
0x00007ffccc5c0000 - 0x00007ffccc65f000 	C:\WINDOWS\System32\msvcp_win.dll
0x00007ffcb5240000 - 0x00007ffcb5256000 	C:\Program Files\Java\jdk-12\bin\VCRUNTIME140.dll
0x00007ffcbebf0000 - 0x00007ffcbee59000 	C:\WINDOWS\WinSxS\amd64_microsoft.windows.common-controls_6595b64144ccf1df_6.0.17134.885_none_fb42a3473065565f\COMCTL32.dll
0x00007ffccd3b0000 - 0x00007ffccd6d2000 	C:\WINDOWS\System32\combase.dll
0x00007ffccc810000 - 0x00007ffccc889000 	C:\WINDOWS\System32\bcryptPrimitives.dll
0x00007ffcc0360000 - 0x00007ffcc036a000 	C:\WINDOWS\SYSTEM32\VERSION.dll
0x00007ffccd2d0000 - 0x00007ffccd2fd000 	C:\WINDOWS\System32\IMM32.DLL
0x00007ffcabb70000 - 0x00007ffcabc1a000 	C:\Program Files\Java\jdk-12\bin\msvcp140.dll
0x00007ffc849f0000 - 0x00007ffc85564000 	C:\Program Files\Java\jdk-12\bin\server\jvm.dll
0x00007ffccd260000 - 0x00007ffccd268000 	C:\WINDOWS\System32\PSAPI.DLL
0x00007ffcc82d0000 - 0x00007ffcc82d9000 	C:\WINDOWS\SYSTEM32\WSOCK32.dll
0x00007ffccd9a0000 - 0x00007ffccda0c000 	C:\WINDOWS\System32\WS2_32.dll
0x00007ffcc9b40000 - 0x00007ffcc9b63000 	C:\WINDOWS\SYSTEM32\WINMM.dll
0x00007ffcc9b10000 - 0x00007ffcc9b3a000 	C:\WINDOWS\SYSTEM32\WINMMBASE.dll
0x00007ffccb970000 - 0x00007ffccb9b9000 	C:\WINDOWS\System32\cfgmgr32.dll
0x00007ffccb930000 - 0x00007ffccb941000 	C:\WINDOWS\System32\kernel.appcore.dll
0x00007ffcbf9c0000 - 0x00007ffcbf9d1000 	C:\Program Files\Java\jdk-12\bin\verify.dll
0x00007ffcb8760000 - 0x00007ffcb8929000 	C:\WINDOWS\SYSTEM32\DBGHELP.DLL
0x00007ffcb8730000 - 0x00007ffcb8759000 	C:\WINDOWS\SYSTEM32\dbgcore.DLL
0x00007ffcbf290000 - 0x00007ffcbf2b6000 	C:\Program Files\Java\jdk-12\bin\java.dll
0x00007ffcb5390000 - 0x00007ffcb53a7000 	C:\Program Files\Java\jdk-12\bin\zip.dll
0x00007ffcc8290000 - 0x00007ffcc829a000 	C:\Program Files\Java\jdk-12\bin\jimage.dll
0x00007ffccdc00000 - 0x00007ffccf040000 	C:\WINDOWS\System32\SHELL32.dll
0x00007ffccf4c0000 - 0x00007ffccf569000 	C:\WINDOWS\System32\shcore.dll
0x00007ffccba20000 - 0x00007ffccc12d000 	C:\WINDOWS\System32\windows.storage.dll
0x00007ffccca30000 - 0x00007ffccca81000 	C:\WINDOWS\System32\shlwapi.dll
0x00007ffccb900000 - 0x00007ffccb91f000 	C:\WINDOWS\System32\profapi.dll
0x00007ffccb8b0000 - 0x00007ffccb8fc000 	C:\WINDOWS\System32\powrprof.dll
0x00007ffccb920000 - 0x00007ffccb92a000 	C:\WINDOWS\System32\FLTLIB.DLL

dbghelp: loaded successfully - version: 4.0.5 - missing functions: none
symbol engine: initialized successfully - sym options: 0x614 - pdb path: .;C:\Program Files\Java\jdk-12\bin;C:\WINDOWS\SYSTEM32;C:\WINDOWS\WinSxS\amd64_microsoft.windows.common-controls_6595b64144ccf1df_6.0.17134.885_none_fb42a3473065565f;C:\Program Files\Java\jdk-12\bin\server

VM Arguments:
jvm_args: -Dfile.encoding=Cp1258 
java_command: array_of_integer.ArrayOfInteger
java_class_path (initial): C:\Users\MyPC\eclipse-workspace\Array\bin
Launcher Type: SUN_STANDARD

[Global flags]
     intx CICompilerCount                          = 3                                         {product} {ergonomic}
     uint ConcGCThreads                            = 1                                         {product} {ergonomic}
     uint G1ConcRefinementThreads                  = 4                                         {product} {ergonomic}
   size_t G1HeapRegionSize                         = 1048576                                   {product} {ergonomic}
    uintx GCDrainStackTargetSize                   = 64                                        {product} {ergonomic}
   size_t InitialHeapSize                          = 67108864                                  {product} {ergonomic}
   size_t MarkStackSize                            = 4194304                                   {product} {ergonomic}
   size_t MaxHeapSize                              = 1050673152                                {product} {ergonomic}
   size_t MaxNewSize                               = 630194176                                 {product} {ergonomic}
   size_t MinHeapDeltaBytes                        = 1048576                                   {product} {ergonomic}
    uintx NonNMethodCodeHeapSize                   = 5830732                                {pd product} {ergonomic}
    uintx NonProfiledCodeHeapSize                  = 122913754                              {pd product} {ergonomic}
    uintx ProfiledCodeHeapSize                     = 122913754                              {pd product} {ergonomic}
    uintx ReservedCodeCacheSize                    = 251658240                              {pd product} {ergonomic}
     bool SegmentedCodeCache                       = true                                      {product} {ergonomic}
     bool UseCompressedClassPointers               = true                                 {lp64_product} {ergonomic}
     bool UseCompressedOops                        = true                                 {lp64_product} {ergonomic}
     bool UseG1GC                                  = true                                      {product} {ergonomic}
     bool UseLargePagesIndividualAllocation        = false                                  {pd product} {ergonomic}

Logging:
Log output configuration:
 #0: stdout all=warning uptime,level,tags
 #1: stderr all=off uptime,level,tags

Environment Variables:
PATH=C:/Program Files/Java/jdk-12/bin/server;C:/Program Files/Java/jdk-12/bin;C:\WINDOWS\system32;C:\WINDOWS;C:\WINDOWS\System32\Wbem;C:\WINDOWS\System32\WindowsPowerShell\v1.0\;C:\WINDOWS\System32\OpenSSH\;C:\Program Files\Java\jdk-12\bin;C:\Program Files\Git\cmd;C:\Users\MyPC\AppData\Local\Microsoft\WindowsApps;;C:\Program Files\JetBrains\IntelliJ IDEA Community Edition 2018.3.1\bin;;C:\Users\MyPC\Downloads\eclipse;
USERNAME=MyPC
OS=Windows_NT
PROCESSOR_IDENTIFIER=Intel64 Family 6 Model 61 Stepping 4, GenuineIntel



---------------  S Y S T E M  ---------------

OS: Windows 10 , 64 bit Build 17134 (10.0.17134.753)

CPU:total 4 (initial active 4) (2 cores per cpu, 2 threads per core) family 6 model 61 stepping 4, cmov, cx8, fxsr, mmx, sse, sse2, sse3, ssse3, sse4.1, sse4.2, popcnt, avx, avx2, aes, clmul, erms, 3dnowpref, lzcnt, ht, tsc, tscinvbit, bmi1, bmi2, adx, fma

Memory: 4k page, system-wide physical 4005M (795M free)
TotalPageFile size 11508M (AvailPageFile size 233M)
current process WorkingSet (physical memory assigned to process): 22M, peak: 22M
current process commit charge ("private bytes"): 130M, peak: 130M

vm_info: Java HotSpot(TM) 64-Bit Server VM (12+33) for windows-amd64 JRE (12+33), built on Feb 21 2019 02:31:50 by "mach5one" with MS VC++ 15.5 (VS2017)

END.
