#
# A fatal error has been detected by the Java Runtime Environment:
#
#  EXCEPTION_ACCESS_VIOLATION (0xc0000005) at pc=0x00007ffc84d8aed3, pid=13800, tid=15884
#
# JRE version:  (12.0+33) (build )
# Java VM: Java HotSpot(TM) 64-Bit Server VM (12+33, mixed mode, sharing, tiered, compressed oops, g1 gc, windows-amd64)
# Problematic frame:
# V  [jvm.dll+0x39aed3]
#
# No core dump will be written. Minidumps are not enabled by default on client versions of Windows
#
# If you would like to submit a bug report, please visit:
#   http://bugreport.java.com/bugreport/crash.jsp
#

---------------  S U M M A R Y ------------

Command Line: -Dfile.encoding=Cp1258 array_of_integer.ArrayOfInteger

Host: Intel(R) Core(TM) i3-5005U CPU @ 2.00GHz, 4 cores, 3G,  Windows 10 , 64 bit Build 17134 (10.0.17134.753)
Time: Wed Aug  7 11:01:06 2019  elapsed time: 0 seconds (0d 0h 0m 0s)

---------------  T H R E A D  ---------------

Current thread (0x0000018f40fa7800):  JavaThread "Unknown thread" [_thread_in_vm, id=15884, stack(0x0000003a0c100000,0x0000003a0c200000)]

Stack: [0x0000003a0c100000,0x0000003a0c200000],  sp=0x0000003a0c1ff1f0,  free space=1020k
Native frames: (J=compiled Java code, j=interpreted, Vv=VM code, C=native code)
V  [jvm.dll+0x39aed3]


siginfo: EXCEPTION_ACCESS_VIOLATION (0xc0000005), writing address 0x0000003a0c1f91f0


Register to memory mapping:

RIP=0x00007ffc84d8aed3 jvm.dll
RAX=0x0000000000000002 is an unknown value
RBX=0x0000003a0c1f91f0 is pointing into the stack for thread: 0x0000018f40fa7800
RCX=0x0000000000001000 is an unknown value
RDX=0x0 is NULL
RSP=0x0000003a0c1ff1f0 is pointing into the stack for thread: 0x0000018f40fa7800
RBP=0x0000003a0c1ff2f0 is pointing into the stack for thread: 0x0000018f40fa7800
RSI=0x0000018f40fa7800 is a thread
RDI=0x0 is NULL
R8 =0x0000003a0c1ff1f0 is pointing into the stack for thread: 0x0000018f40fa7800
R9 =0x000000000000011f is an unknown value
R10=0x0000003a0c1ff408 is pointing into the stack for thread: 0x0000018f40fa7800
R11=0x0000003a0c1ff418 is pointing into the stack for thread: 0x0000018f40fa7800
R12=0x0000003a0c1ff418 is pointing into the stack for thread: 0x0000018f40fa7800
R13=0x0000003a0c1ff408 is pointing into the stack for thread: 0x0000018f40fa7800
R14=0x0000003a0c1ff4f0 is pointing into the stack for thread: 0x0000018f40fa7800
R15=0x0 is NULL


Registers:
RAX=0x0000000000000002, RBX=0x0000003a0c1f91f0, RCX=0x0000000000001000, RDX=0x0000000000000000
RSP=0x0000003a0c1ff1f0, RBP=0x0000003a0c1ff2f0, RSI=0x0000018f40fa7800, RDI=0x0000000000000000
R8 =0x0000003a0c1ff1f0, R9 =0x000000000000011f, R10=0x0000003a0c1ff408, R11=0x0000003a0c1ff418
R12=0x0000003a0c1ff418, R13=0x0000003a0c1ff408, R14=0x0000003a0c1ff4f0, R15=0x0000000000000000
RIP=0x00007ffc84d8aed3, EFLAGS=0x0000000000010206

Top of Stack: (sp=0x0000003a0c1ff1f0)
0x0000003a0c1ff1f0:   0000003a0c1ff1f0 0000018f40fa7800
0x0000003a0c1ff200:   0000003a0c1ff360 00007ffccc713eae
0x0000003a0c1ff210:   0000018f3edc0000 0000003a0c1ff340
0x0000003a0c1ff220:   0000003a0c1ff368 0000018f3edc7420
0x0000003a0c1ff230:   0000000041070000 0000000000000258
0x0000003a0c1ff240:   0000000000000000 0000000000000000
0x0000003a0c1ff250:   ffffffff00000002 0000000000000000
0x0000003a0c1ff260:   0000000000000000 0000003a00000001
0x0000003a0c1ff270:   0000000800000000 00000000000035e8
0x0000003a0c1ff280:   0000000000002a80 0000018f41074120
0x0000003a0c1ff290:   0000000000000000 0000018f41074330
0x0000003a0c1ff2a0:   00007ffccc72e3c0 0000000000000000
0x0000003a0c1ff2b0:   ffffffffffffffff 0000000000000000
0x0000003a0c1ff2c0:   0000003a0c1ff2f8 0000000000000000
0x0000003a0c1ff2d0:   0000018f4107413b ffffffffffffffff
0x0000003a0c1ff2e0:   0000003a0c1ff380 00007ffc849f9cbf 

Instructions: (pc=0x00007ffc84d8aed3)
0x00007ffc84d8aeb3:   33 d2 48 8b 05 f4 76 73 00 48 f7 f1 48 83 f8 01
0x00007ffc84d8aec3:   72 17 66 66 66 0f 1f 84 00 00 00 00 00 48 2b d9
0x00007ffc84d8aed3:   c6 03 00 48 83 e8 01 75 f4 4d 85 ff 74 6a 49 8b
0x00007ffc84d8aee3:   07 49 8b cf ff 90 88 00 00 00 84 c0 0f 84 2c 01 


Stack slot to memory mapping:
stack at sp + 0 slots: 0x0000003a0c1ff1f0 is pointing into the stack for thread: 0x0000018f40fa7800
stack at sp + 1 slots: 0x0000018f40fa7800 is a thread
stack at sp + 2 slots: 0x0000003a0c1ff360 is pointing into the stack for thread: 0x0000018f40fa7800
stack at sp + 3 slots: 0x00007ffccc713eae ucrtbase.dll
stack at sp + 4 slots: 0x0000018f3edc0000 points into unknown readable memory: 00 00 00 00 00 00 00 00
stack at sp + 5 slots: 0x0000003a0c1ff340 is pointing into the stack for thread: 0x0000018f40fa7800
stack at sp + 6 slots: 0x0000003a0c1ff368 is pointing into the stack for thread: 0x0000018f40fa7800
stack at sp + 7 slots: 0x0000018f3edc7420 points into unknown readable memory: 00 00 00 00 00 00 00 00


---------------  P R O C E S S  ---------------

Threads class SMR info:
_java_thread_list=0x0000018f41073dc0, length=1, elements={
0x0000018f40fa7800
}

Java Threads: ( => current thread )
=>0x0000018f40fa7800 JavaThread "Unknown thread" [_thread_in_vm, id=15884, stack(0x0000003a0c100000,0x0000003a0c200000)]

Other Threads:
  0x0000018f41078000 VMThread "VM Thread" [stack: 0x0000003a0c700000,0x0000003a0c800000] [id=10880]
  0x0000018f40fd0000 GCTaskThread "GC Thread#0" [stack: 0x0000003a0c200000,0x0000003a0c300000] [id=4728]
  0x0000018f40fd7800 ConcurrentGCThread "G1 Main Marker" [stack: 0x0000003a0c300000,0x0000003a0c400000] [id=10140]
  0x0000018f40fdb000 ConcurrentGCThread "G1 Conc#0" [stack: 0x0000003a0c400000,0x0000003a0c500000] [id=11204]
  0x0000018f41031000 ConcurrentGCThread "G1 Refine#0" [stack: 0x0000003a0c500000,0x0000003a0c600000] [id=1280]
  0x0000018f41036000 ConcurrentGCThread "G1 Young RemSet Sampling" [stack: 0x0000003a0c600000,0x0000003a0c700000] [id=11164]

Threads with active compile tasks:

VM state:not at safepoint (normal execution)

VM Mutex/Monitor currently owned by a thread: None

Heap address: 0x00000000c1600000, size: 1002 MB, Compressed Oops mode: 32-bit
Narrow klass base: 0x0000000800000000, Narrow klass shift: 3
Compressed class space size: 1073741824 Address: 0x00000008011a0000

Heap:
 garbage-first heap   total 65536K, used 0K [0x00000000c1600000, 0x0000000100000000)
  region size 1024K, 1 young (1024K), 0 survivors (0K)
 Metaspace       used 2K, capacity 4480K, committed 4480K, reserved 1056768K
  class space    used 2K, capacity 384K, committed 384K, reserved 1048576K
Heap Regions: E=young(eden), S=young(survivor), O=old, HS=humongous(starts), HC=humongous(continues), CS=collection set, F=free, A=archive, TAMS=top-at-mark-start (previous, next)
|   0|0x00000000c1600000, 0x00000000c1600000, 0x00000000c1700000|  0%| F|  |TAMS 0x00000000c1600000, 0x00000000c1600000| Untracked 
|   1|0x00000000c1700000, 0x00000000c1700000, 0x00000000c1800000|  0%| F|  |TAMS 0x00000000c1700000, 0x00000000c1700000| Untracked 
|   2|0x00000000c1800000, 0x00000000c1800000, 0x00000000c1900000|  0%| F|  |TAMS 0x00000000c1800000, 0x00000000c1800000| Untracked 
|   3|0x00000000c1900000, 0x00000000c1900000, 0x00000000c1a00000|  0%| F|  |TAMS 0x00000000c1900000, 0x00000000c1900000| Untracked 
|   4|0x00000000c1a00000, 0x00000000c1a00000, 0x00000000c1b00000|  0%| F|  |TAMS 0x00000000c1a00000, 0x00000000c1a00000| Untracked 
|   5|0x00000000c1b00000, 0x00000000c1b00000, 0x00000000c1c00000|  0%| F|  |TAMS 0x00000000c1b00000, 0x00000000c1b00000| Untracked 
|   6|0x00000000c1c00000, 0x00000000c1c00000, 0x00000000c1d00000|  0%| F|  |TAMS 0x00000000c1c00000, 0x00000000c1c00000| Untracked 
|   7|0x00000000c1d00000, 0x00000000c1d00000, 0x00000000c1e00000|  0%| F|  |TAMS 0x00000000c1d00000, 0x00000000c1d00000| Untracked 
|   8|0x00000000c1e00000, 0x00000000c1e00000, 0x00000000c1f00000|  0%| F|  |TAMS 0x00000000c1e00000, 0x00000000c1e00000| Untracked 
|   9|0x00000000c1f00000, 0x00000000c1f00000, 0x00000000c2000000|  0%| F|  |TAMS 0x00000000c1f00000, 0x00000000c1f00000| Untracked 
|  10|0x00000000c2000000, 0x00000000c2000000, 0x00000000c2100000|  0%| F|  |TAMS 0x00000000c2000000, 0x00000000c2000000| Untracked 
|  11|0x00000000c2100000, 0x00000000c2100000, 0x00000000c2200000|  0%| F|  |TAMS 0x00000000c2100000, 0x00000000c2100000| Untracked 
|  12|0x00000000c2200000, 0x00000000c2200000, 0x00000000c2300000|  0%| F|  |TAMS 0x00000000c2200000, 0x00000000c2200000| Untracked 
|  13|0x00000000c2300000, 0x00000000c2300000, 0x00000000c2400000|  0%| F|  |TAMS 0x00000000c2300000, 0x00000000c2300000| Untracked 
|  14|0x00000000c2400000, 0x00000000c2400000, 0x00000000c2500000|  0%| F|  |TAMS 0x00000000c2400000, 0x00000000c2400000| Untracked 
|  15|0x00000000c2500000, 0x00000000c2500000, 0x00000000c2600000|  0%| F|  |TAMS 0x00000000c2500000, 0x00000000c2500000| Untracked 
|  16|0x00000000c2600000, 0x00000000c2600000, 0x00000000c2700000|  0%| F|  |TAMS 0x00000000c2600000, 0x00000000c2600000| Untracked 
|  17|0x00000000c2700000, 0x00000000c2700000, 0x00000000c2800000|  0%| F|  |TAMS 0x00000000c2700000, 0x00000000c2700000| Untracked 
|  18|0x00000000c2800000, 0x00000000c2800000, 0x00000000c2900000|  0%| F|  |TAMS 0x00000000c2800000, 0x00000000c2800000| Untracked 
|  19|0x00000000c2900000, 0x00000000c2900000, 0x00000000c2a00000|  0%| F|  |TAMS 0x00000000c2900000, 0x00000000c2900000| Untracked 
|  20|0x00000000c2a00000, 0x00000000c2a00000, 0x00000000c2b00000|  0%| F|  |TAMS 0x00000000c2a00000, 0x00000000c2a00000| Untracked 
|  21|0x00000000c2b00000, 0x00000000c2b00000, 0x00000000c2c00000|  0%| F|  |TAMS 0x00000000c2b00000, 0x00000000c2b00000| Untracked 
|  22|0x00000000c2c00000, 0x00000000c2c00000, 0x00000000c2d00000|  0%| F|  |TAMS 0x00000000c2c00000, 0x00000000c2c00000| Untracked 
|  23|0x00000000c2d00000, 0x00000000c2d00000, 0x00000000c2e00000|  0%| F|  |TAMS 0x00000000c2d00000, 0x00000000c2d00000| Untracked 
|  24|0x00000000c2e00000, 0x00000000c2e00000, 0x00000000c2f00000|  0%| F|  |TAMS 0x00000000c2e00000, 0x00000000c2e00000| Untracked 
|  25|0x00000000c2f00000, 0x00000000c2f00000, 0x00000000c3000000|  0%| F|  |TAMS 0x00000000c2f00000, 0x00000000c2f00000| Untracked 
|  26|0x00000000c3000000, 0x00000000c3000000, 0x00000000c3100000|  0%| F|  |TAMS 0x00000000c3000000, 0x00000000c3000000| Untracked 
|  27|0x00000000c3100000, 0x00000000c3100000, 0x00000000c3200000|  0%| F|  |TAMS 0x00000000c3100000, 0x00000000c3100000| Untracked 
|  28|0x00000000c3200000, 0x00000000c3200000, 0x00000000c3300000|  0%| F|  |TAMS 0x00000000c3200000, 0x00000000c3200000| Untracked 
|  29|0x00000000c3300000, 0x00000000c3300000, 0x00000000c3400000|  0%| F|  |TAMS 0x00000000c3300000, 0x00000000c3300000| Untracked 
|  30|0x00000000c3400000, 0x00000000c3400000, 0x00000000c3500000|  0%| F|  |TAMS 0x00000000c3400000, 0x00000000c3400000| Untracked 
|  31|0x00000000c3500000, 0x00000000c3500000, 0x00000000c3600000|  0%| F|  |TAMS 0x00000000c3500000, 0x00000000c3500000| Untracked 
|  32|0x00000000c3600000, 0x00000000c3600000, 0x00000000c3700000|  0%| F|  |TAMS 0x00000000c3600000, 0x00000000c3600000| Untracked 
|  33|0x00000000c3700000, 0x00000000c3700000, 0x00000000c3800000|  0%| F|  |TAMS 0x00000000c3700000, 0x00000000c3700000| Untracked 
|  34|0x00000000c3800000, 0x00000000c3800000, 0x00000000c3900000|  0%| F|  |TAMS 0x00000000c3800000, 0x00000000c3800000| Untracked 
|  35|0x00000000c3900000, 0x00000000c3900000, 0x00000000c3a00000|  0%| F|  |TAMS 0x00000000c3900000, 0x00000000c3900000| Untracked 
|  36|0x00000000c3a00000, 0x00000000c3a00000, 0x00000000c3b00000|  0%| F|  |TAMS 0x00000000c3a00000, 0x00000000c3a00000| Untracked 
|  37|0x00000000c3b00000, 0x00000000c3b00000, 0x00000000c3c00000|  0%| F|  |TAMS 0x00000000c3b00000, 0x00000000c3b00000| Untracked 
|  38|0x00000000c3c00000, 0x00000000c3c00000, 0x00000000c3d00000|  0%| F|  |TAMS 0x00000000c3c00000, 0x00000000c3c00000| Untracked 
|  39|0x00000000c3d00000, 0x00000000c3d00000, 0x00000000c3e00000|  0%| F|  |TAMS 0x00000000c3d00000, 0x00000000c3d00000| Untracked 
|  40|0x00000000c3e00000, 0x00000000c3e00000, 0x00000000c3f00000|  0%| F|  |TAMS 0x00000000c3e00000, 0x00000000c3e00000| Untracked 
|  41|0x00000000c3f00000, 0x00000000c3f00000, 0x00000000c4000000|  0%| F|  |TAMS 0x00000000c3f00000, 0x00000000c3f00000| Untracked 
|  42|0x00000000c4000000, 0x00000000c4000000, 0x00000000c4100000|  0%| F|  |TAMS 0x00000000c4000000, 0x00000000c4000000| Untracked 
|  43|0x00000000c4100000, 0x00000000c4100000, 0x00000000c4200000|  0%| F|  |TAMS 0x00000000c4100000, 0x00000000c4100000| Untracked 
|  44|0x00000000c4200000, 0x00000000c4200000, 0x00000000c4300000|  0%| F|  |TAMS 0x00000000c4200000, 0x00000000c4200000| Untracked 
|  45|0x00000000c4300000, 0x00000000c4300000, 0x00000000c4400000|  0%| F|  |TAMS 0x00000000c4300000, 0x00000000c4300000| Untracked 
|  46|0x00000000c4400000, 0x00000000c4400000, 0x00000000c4500000|  0%| F|  |TAMS 0x00000000c4400000, 0x00000000c4400000| Untracked 
|  47|0x00000000c4500000, 0x00000000c4500000, 0x00000000c4600000|  0%| F|  |TAMS 0x00000000c4500000, 0x00000000c4500000| Untracked 
|  48|0x00000000c4600000, 0x00000000c4600000, 0x00000000c4700000|  0%| F|  |TAMS 0x00000000c4600000, 0x00000000c4600000| Untracked 
|  49|0x00000000c4700000, 0x00000000c4700000, 0x00000000c4800000|  0%| F|  |TAMS 0x00000000c4700000, 0x00000000c4700000| Untracked 
|  50|0x00000000c4800000, 0x00000000c4800000, 0x00000000c4900000|  0%| F|  |TAMS 0x00000000c4800000, 0x00000000c4800000| Untracked 
|  51|0x00000000c4900000, 0x00000000c4900000, 0x00000000c4a00000|  0%| F|  |TAMS 0x00000000c4900000, 0x00000000c4900000| Untracked 
|  52|0x00000000c4a00000, 0x00000000c4a00000, 0x00000000c4b00000|  0%| F|  |TAMS 0x00000000c4a00000, 0x00000000c4a00000| Untracked 
|  53|0x00000000c4b00000, 0x00000000c4b00000, 0x00000000c4c00000|  0%| F|  |TAMS 0x00000000c4b00000, 0x00000000c4b00000| Untracked 
|  54|0x00000000c4c00000, 0x00000000c4c00000, 0x00000000c4d00000|  0%| F|  |TAMS 0x00000000c4c00000, 0x00000000c4c00000| Untracked 
|  55|0x00000000c4d00000, 0x00000000c4d00000, 0x00000000c4e00000|  0%| F|  |TAMS 0x00000000c4d00000, 0x00000000c4d00000| Untracked 
|  56|0x00000000c4e00000, 0x00000000c4e00000, 0x00000000c4f00000|  0%| F|  |TAMS 0x00000000c4e00000, 0x00000000c4e00000| Untracked 
|  57|0x00000000c4f00000, 0x00000000c4f00000, 0x00000000c5000000|  0%| F|  |TAMS 0x00000000c4f00000, 0x00000000c4f00000| Untracked 
|  58|0x00000000c5000000, 0x00000000c5000000, 0x00000000c5100000|  0%| F|  |TAMS 0x00000000c5000000, 0x00000000c5000000| Untracked 
|  59|0x00000000c5100000, 0x00000000c5100000, 0x00000000c5200000|  0%| F|  |TAMS 0x00000000c5100000, 0x00000000c5100000| Untracked 
|  60|0x00000000c5200000, 0x00000000c5200000, 0x00000000c5300000|  0%| F|  |TAMS 0x00000000c5200000, 0x00000000c5200000| Untracked 
|  61|0x00000000c5300000, 0x00000000c5300000, 0x00000000c5400000|  0%| F|  |TAMS 0x00000000c5300000, 0x00000000c5300000| Untracked 
|  62|0x00000000c5400000, 0x00000000c5400000, 0x00000000c5500000|  0%| F|  |TAMS 0x00000000c5400000, 0x00000000c5400000| Untracked 
|  63|0x00000000c5500000, 0x00000000c5547af0, 0x00000000c5600000| 28%| E|  |TAMS 0x00000000c5500000, 0x00000000c5500000| Complete 

Card table byte_map: [0x0000018f585b0000,0x0000018f587b0000] _byte_map_base: 0x0000018f57fa5000

Marking Bits (Prev, Next): (CMBitMap*) 0x0000018f40fd1048, (CMBitMap*) 0x0000018f40fd1088
 Prev Bits: [0x0000018f589b0000, 0x0000018f59958000)
 Next Bits: [0x0000018f59960000, 0x0000018f5a908000)

Polling page: 0x0000018f3eda0000

Metaspace:

Usage:
  Non-class:      4.00 MB capacity,    64 bytes ( <1%) used,     4.00 MB (>99%) free+waste,    64 bytes ( <1%) overhead. 
      Class:    384.00 KB capacity,     2.00 KB ( <1%) used,   381.94 KB (>99%) free+waste,    64 bytes ( <1%) overhead. 
       Both:      4.38 MB capacity,     2.06 KB ( <1%) used,     4.37 MB (>99%) free+waste,   128 bytes ( <1%) overhead. 

Virtual space:
  Non-class space:        8.00 MB reserved,       4.00 MB ( 50%) committed 
      Class space:        1.00 GB reserved,     384.00 KB ( <1%) committed 
             Both:        1.01 GB reserved,       4.38 MB ( <1%) committed 

Chunk freelists:
   Non-Class:  0 bytes
       Class:  0 bytes
        Both:  0 bytes

CodeHeap 'non-profiled nmethods': size=120064Kb used=0Kb max_used=0Kb free=120064Kb
 bounds [0x0000018f50e70000, 0x0000018f510e0000, 0x0000018f583b0000]
CodeHeap 'profiled nmethods': size=120000Kb used=0Kb max_used=0Kb free=120000Kb
 bounds [0x0000018f49940000, 0x0000018f49bb0000, 0x0000018f50e70000]
CodeHeap 'non-nmethods': size=5696Kb used=340Kb max_used=340Kb free=5355Kb
 bounds [0x0000018f493b0000, 0x0000018f49620000, 0x0000018f49940000]
 total_blobs=155 nmethods=0 adapters=113
 compilation: enabled
              stopped_count=0, restarted_count=0
 full_count=0

Compilation events (0 events):
No events

GC Heap History (0 events):
No events

Deoptimization events (0 events):
No events

Classes redefined (0 events):
No events

Internal exceptions (0 events):
No events

Events (1 events):
Event: 0.544 Thread 0x0000018f40fa7800 Thread added: 0x0000018f40fa7800


Dynamic libraries:
0x00007ff6c3b60000 - 0x00007ff6c3b6f000 	C:\Program Files\Java\jdk-12\bin\javaw.exe
0x00007ffccf5a0000 - 0x00007ffccf781000 	C:\WINDOWS\SYSTEM32\ntdll.dll
0x00007ffccd6e0000 - 0x00007ffccd791000 	C:\WINDOWS\System32\KERNEL32.DLL
0x00007ffccc320000 - 0x00007ffccc593000 	C:\WINDOWS\System32\KERNELBASE.dll
0x00007ffccc710000 - 0x00007ffccc808000 	C:\WINDOWS\System32\ucrtbase.dll
0x00007ffcb5260000 - 0x00007ffcb5278000 	C:\Program Files\Java\jdk-12\bin\jli.dll
0x00007ffccd300000 - 0x00007ffccd3a1000 	C:\WINDOWS\System32\ADVAPI32.dll
0x00007ffccf0c0000 - 0x00007ffccf15e000 	C:\WINDOWS\System32\msvcrt.dll
0x00007ffccd270000 - 0x00007ffccd2cb000 	C:\WINDOWS\System32\sechost.dll
0x00007ffccf160000 - 0x00007ffccf284000 	C:\WINDOWS\System32\RPCRT4.dll
0x00007ffccf330000 - 0x00007ffccf4c0000 	C:\WINDOWS\System32\USER32.dll
0x00007ffccc5a0000 - 0x00007ffccc5c0000 	C:\WINDOWS\System32\win32u.dll
0x00007ffccda10000 - 0x00007ffccda38000 	C:\WINDOWS\System32\GDI32.dll
0x00007ffccc890000 - 0x00007ffccca21000 	C:\WINDOWS\System32\gdi32full.dll
0x00007ffccc5c0000 - 0x00007ffccc65f000 	C:\WINDOWS\System32\msvcp_win.dll
0x00007ffcb5240000 - 0x00007ffcb5256000 	C:\Program Files\Java\jdk-12\bin\VCRUNTIME140.dll
0x00007ffcbebf0000 - 0x00007ffcbee59000 	C:\WINDOWS\WinSxS\amd64_microsoft.windows.common-controls_6595b64144ccf1df_6.0.17134.885_none_fb42a3473065565f\COMCTL32.dll
0x00007ffccd3b0000 - 0x00007ffccd6d2000 	C:\WINDOWS\System32\combase.dll
0x00007ffccc810000 - 0x00007ffccc889000 	C:\WINDOWS\System32\bcryptPrimitives.dll
0x00007ffcc0360000 - 0x00007ffcc036a000 	C:\WINDOWS\SYSTEM32\VERSION.dll
0x00007ffccd2d0000 - 0x00007ffccd2fd000 	C:\WINDOWS\System32\IMM32.DLL
0x00007ffcabb70000 - 0x00007ffcabc1a000 	C:\Program Files\Java\jdk-12\bin\msvcp140.dll
0x00007ffc849f0000 - 0x00007ffc85564000 	C:\Program Files\Java\jdk-12\bin\server\jvm.dll
0x00007ffccd260000 - 0x00007ffccd268000 	C:\WINDOWS\System32\PSAPI.DLL
0x00007ffcc82d0000 - 0x00007ffcc82d9000 	C:\WINDOWS\SYSTEM32\WSOCK32.dll
0x00007ffccd9a0000 - 0x00007ffccda0c000 	C:\WINDOWS\System32\WS2_32.dll
0x00007ffcc9b40000 - 0x00007ffcc9b63000 	C:\WINDOWS\SYSTEM32\WINMM.dll
0x00007ffcc9b10000 - 0x00007ffcc9b3a000 	C:\WINDOWS\SYSTEM32\WINMMBASE.dll
0x00007ffccb970000 - 0x00007ffccb9b9000 	C:\WINDOWS\System32\cfgmgr32.dll
0x00007ffccb930000 - 0x00007ffccb941000 	C:\WINDOWS\System32\kernel.appcore.dll
0x00007ffcbf9c0000 - 0x00007ffcbf9d1000 	C:\Program Files\Java\jdk-12\bin\verify.dll
0x00007ffcb8760000 - 0x00007ffcb8929000 	C:\WINDOWS\SYSTEM32\DBGHELP.DLL
0x00007ffcb8730000 - 0x00007ffcb8759000 	C:\WINDOWS\SYSTEM32\dbgcore.DLL
0x00007ffcbf290000 - 0x00007ffcbf2b6000 	C:\Program Files\Java\jdk-12\bin\java.dll
0x00007ffcb5390000 - 0x00007ffcb53a7000 	C:\Program Files\Java\jdk-12\bin\zip.dll
0x00007ffcc8290000 - 0x00007ffcc829a000 	C:\Program Files\Java\jdk-12\bin\jimage.dll

dbghelp: loaded successfully - version: 4.0.5 - missing functions: none
symbol engine: initialized successfully - sym options: 0x614 - pdb path: .;C:\Program Files\Java\jdk-12\bin;C:\WINDOWS\SYSTEM32;C:\WINDOWS\WinSxS\amd64_microsoft.windows.common-controls_6595b64144ccf1df_6.0.17134.885_none_fb42a3473065565f;C:\Program Files\Java\jdk-12\bin\server

VM Arguments:
jvm_args: -Dfile.encoding=Cp1258 
java_command: array_of_integer.ArrayOfInteger
java_class_path (initial): C:\Users\MyPC\eclipse-workspace\Array\bin
Launcher Type: SUN_STANDARD

[Global flags]
     intx CICompilerCount                          = 3                                         {product} {ergonomic}
     uint ConcGCThreads                            = 1                                         {product} {ergonomic}
     uint G1ConcRefinementThreads                  = 4                                         {product} {ergonomic}
   size_t G1HeapRegionSize                         = 1048576                                   {product} {ergonomic}
    uintx GCDrainStackTargetSize                   = 64                                        {product} {ergonomic}
   size_t InitialHeapSize                          = 67108864                                  {product} {ergonomic}
   size_t MarkStackSize                            = 4194304                                   {product} {ergonomic}
   size_t MaxHeapSize                              = 1050673152                                {product} {ergonomic}
   size_t MaxNewSize                               = 630194176                                 {product} {ergonomic}
   size_t MinHeapDeltaBytes                        = 1048576                                   {product} {ergonomic}
    uintx NonNMethodCodeHeapSize                   = 5830732                                {pd product} {ergonomic}
    uintx NonProfiledCodeHeapSize                  = 122913754                              {pd product} {ergonomic}
    uintx ProfiledCodeHeapSize                     = 122913754                              {pd product} {ergonomic}
    uintx ReservedCodeCacheSize                    = 251658240                              {pd product} {ergonomic}
     bool SegmentedCodeCache                       = true                                      {product} {ergonomic}
     bool UseCompressedClassPointers               = true                                 {lp64_product} {ergonomic}
     bool UseCompressedOops                        = true                                 {lp64_product} {ergonomic}
     bool UseG1GC                                  = true                                      {product} {ergonomic}
     bool UseLargePagesIndividualAllocation        = false                                  {pd product} {ergonomic}

Logging:
Log output configuration:
 #0: stdout all=warning uptime,level,tags
 #1: stderr all=off uptime,level,tags

Environment Variables:
PATH=C:/Program Files/Java/jdk-12/bin/server;C:/Program Files/Java/jdk-12/bin;C:\WINDOWS\system32;C:\WINDOWS;C:\WINDOWS\System32\Wbem;C:\WINDOWS\System32\WindowsPowerShell\v1.0\;C:\WINDOWS\System32\OpenSSH\;C:\Program Files\Java\jdk-12\bin;C:\Program Files\Git\cmd;C:\Users\MyPC\AppData\Local\Microsoft\WindowsApps;;C:\Program Files\JetBrains\IntelliJ IDEA Community Edition 2018.3.1\bin;;C:\Users\MyPC\Downloads\eclipse;
USERNAME=MyPC
OS=Windows_NT
PROCESSOR_IDENTIFIER=Intel64 Family 6 Model 61 Stepping 4, GenuineIntel



---------------  S Y S T E M  ---------------

OS: Windows 10 , 64 bit Build 17134 (10.0.17134.753)

CPU:total 4 (initial active 4) (2 cores per cpu, 2 threads per core) family 6 model 61 stepping 4, cmov, cx8, fxsr, mmx, sse, sse2, sse3, ssse3, sse4.1, sse4.2, popcnt, avx, avx2, aes, clmul, erms, 3dnowpref, lzcnt, ht, tsc, tscinvbit, bmi1, bmi2, adx, fma

Memory: 4k page, system-wide physical 4005M (808M free)
TotalPageFile size 11508M (AvailPageFile size 252M)
current process WorkingSet (physical memory assigned to process): 14M, peak: 14M
current process commit charge ("private bytes"): 128M, peak: 128M

vm_info: Java HotSpot(TM) 64-Bit Server VM (12+33) for windows-amd64 JRE (12+33), built on Feb 21 2019 02:31:50 by "mach5one" with MS VC++ 15.5 (VS2017)

END.
